2025-04-18 15:31:59,468 - embedder - INFO - Loading vector store...
2025-04-18 15:31:59,469 - embedder - INFO - Google GenAI Embeddings initialized
2025-05-16 13:02:16,484 - embedder - INFO - Loading vector store...
2025-05-16 13:02:16,485 - embedder - INFO - Google GenAI Embeddings initialized
2025-05-16 13:03:18,558 - embedder - INFO - Loading vector store...
2025-05-16 13:03:18,559 - embedder - INFO - Google GenAI Embeddings initialized
2025-05-16 13:03:27,681 - embedder - ERROR - Error embedding query: 400 API key expired. Please renew the API key. [reason: "API_KEY_INVALID"
domain: "googleapis.com"
metadata {
  key: "service"
  value: "generativelanguage.googleapis.com"
}
, locale: "en-US"
message: "API key expired. Please renew the API key."
]
2025-05-16 13:11:52,379 - embedder - INFO - Loading vector store...
2025-05-16 13:11:52,379 - embedder - INFO - Loading vector store...
2025-05-16 13:11:52,381 - embedder - INFO - Google GenAI Embeddings initialized
2025-05-16 13:11:52,381 - embedder - INFO - Google GenAI Embeddings initialized
2025-05-16 13:12:00,059 - embedder - ERROR - Error embedding query: 400 API key expired. Please renew the API key. [reason: "API_KEY_INVALID"
domain: "googleapis.com"
metadata {
  key: "service"
  value: "generativelanguage.googleapis.com"
}
, locale: "en-US"
message: "API key expired. Please renew the API key."
]
2025-05-16 13:12:00,059 - embedder - ERROR - Error embedding query: 400 API key expired. Please renew the API key. [reason: "API_KEY_INVALID"
domain: "googleapis.com"
metadata {
  key: "service"
  value: "generativelanguage.googleapis.com"
}
, locale: "en-US"
message: "API key expired. Please renew the API key."
]
2025-05-16 13:13:30,151 - embedder - INFO - Loading documents...
2025-05-16 13:15:17,285 - embedder - INFO - Loaded 29 files
2025-05-16 13:15:17,285 - embedder - INFO - Loaded 29 files.
2025-05-16 13:15:17,285 - embedder - INFO - Splitting into chunks...
2025-05-16 13:15:17,391 - embedder - INFO - Created 2645 chunks.
2025-05-16 13:15:17,392 - embedder - INFO - Generating embeddings (this might take a few minutes)...
2025-05-16 13:15:17,392 - embedder - INFO - Google GenAI Embeddings initialized
2025-05-16 13:38:49,502 - embedder - INFO - Saving vector store to disk...
2025-05-16 13:38:49,526 - embedder - INFO - Vector store saved successfully!
2025-05-16 15:09:41,424 - embedder - INFO - Loading vector store...
2025-05-16 15:09:41,425 - embedder - INFO - Google GenAI Embeddings initialized
2025-05-16 21:16:48,606 - embedder - INFO - Loading documents...
2025-05-16 21:18:15,238 - embedder - INFO - Loaded 5 files
2025-05-16 21:18:15,238 - embedder - INFO - Loaded 5 files.
2025-05-16 21:18:15,238 - embedder - INFO - Splitting into chunks...
2025-05-16 21:18:15,325 - embedder - INFO - Created 1926 chunks.
2025-05-16 21:18:15,326 - embedder - INFO - Generating embeddings (this might take a few minutes)...
2025-05-16 21:18:15,326 - embedder - INFO - Google GenAI Embeddings initialized
2025-05-16 21:42:52,992 - INFO - Starting knowledge indexing process...
2025-05-16 21:44:08,778 - INFO - Loaded 5 documents from /knowledge/
2025-05-16 21:44:08,846 - INFO - Split into 1926 chunks.
2025-05-16 21:44:08,847 - INFO - Google GenAI Embeddings initialized.
2025-05-16 22:02:56,732 - INFO - Vector store saved as 'verne_vectorstore'
2025-05-16 22:41:25,866 - INFO - Loading vector store...
2025-05-16 22:41:25,867 - INFO - Google GenAI Embeddings initialized.
2025-05-16 22:43:52,403 - INFO - Loading vector store...
2025-05-16 22:43:52,403 - INFO - Loading vector store...
2025-05-16 22:43:52,404 - INFO - Google GenAI Embeddings initialized.
2025-05-16 22:43:52,404 - INFO - Google GenAI Embeddings initialized.
2025-05-16 22:52:08,425 - INFO - Loading vector store...
2025-05-16 22:52:08,425 - INFO - Loading vector store...
2025-05-16 22:52:08,425 - INFO - Loading vector store...
2025-05-16 22:52:08,428 - INFO - Google GenAI Embeddings initialized.
2025-05-16 22:52:08,428 - INFO - Google GenAI Embeddings initialized.
2025-05-16 22:52:08,428 - INFO - Google GenAI Embeddings initialized.
2025-05-16 22:54:36,423 - INFO - Loading vector store...
2025-05-16 22:54:36,423 - INFO - Loading vector store...
2025-05-16 22:54:36,423 - INFO - Loading vector store...
2025-05-16 22:54:36,423 - INFO - Loading vector store...
2025-05-16 22:54:36,427 - INFO - Google GenAI Embeddings initialized.
2025-05-16 22:54:36,427 - INFO - Google GenAI Embeddings initialized.
2025-05-16 22:54:36,427 - INFO - Google GenAI Embeddings initialized.
2025-05-16 22:54:36,427 - INFO - Google GenAI Embeddings initialized.
2025-05-16 22:56:29,837 - INFO - Loading vector store...
2025-05-16 22:56:29,837 - INFO - Loading vector store...
2025-05-16 22:56:29,837 - INFO - Loading vector store...
2025-05-16 22:56:29,837 - INFO - Loading vector store...
2025-05-16 22:56:29,837 - INFO - Loading vector store...
2025-05-16 22:56:29,841 - INFO - Google GenAI Embeddings initialized.
2025-05-16 22:56:29,841 - INFO - Google GenAI Embeddings initialized.
2025-05-16 22:56:29,841 - INFO - Google GenAI Embeddings initialized.
2025-05-16 22:56:29,841 - INFO - Google GenAI Embeddings initialized.
2025-05-16 22:56:29,841 - INFO - Google GenAI Embeddings initialized.
2025-05-17 00:02:41,591 - INFO - Loading vector store...
2025-05-17 00:02:41,591 - INFO - Google GenAI Embeddings initialized.
